Loading db file '/home/summer/library/SAED/14/stdcell_rvt/db_ccs/saed14rvt_tt0p8v25c.db'
Loading db file '/home/summer/library/SAED/14/io/lib/io_std/db_ccs/saed14io_fc_tt0p8v25c_1p8v.db'
Information: Propagating switching activity (low effort zero delay simulation). (PWR-6)
Warning: Design has unannotated primary inputs. (PWR-414)
Warning: Design has unannotated sequential cell outputs. (PWR-415)
Warning: Design has unannotated black box outputs. (PWR-428)
 
****************************************
Report : power
        -analysis_effort low
Design : Top
Version: V-2023.12-SP4
Date   : Thu Aug 29 03:19:21 2024
****************************************


Library(s) Used:

    saed14rvt_tt0p8v25c (File: /home/summer/library/SAED/14/stdcell_rvt/db_ccs/saed14rvt_tt0p8v25c.db)
    saed14io_fc_tt0p8v25c_1p8v (File: /home/summer/library/SAED/14/io/lib/io_std/db_ccs/saed14io_fc_tt0p8v25c_1p8v.db)


Operating Conditions: tt0p8v25c   Library: saed14rvt_tt0p8v25c
Wire Load Model Mode: top

Design        Wire Load Model            Library
------------------------------------------------
Top                    tc8000            saed14rvt_tt0p8v25c


Global Operating Voltage = 0.8  
Power-specific unit information :
    Voltage Units = 1V
    Capacitance Units = 1.000000ff
    Time Units = 1ns
    Dynamic Power Units = 1uW    (derived from V,C,T units)
    Leakage Power Units = 1pW


Attributes
----------
i - Including register clock pin internal power


  Cell Internal Power  =   1.1849 mW    (0%)
  Net Switching Power  = 427.7191 mW  (100%)
                         ---------
Total Dynamic Power    = 428.9040 mW  (100%)

Cell Leakage Power     =  30.8780 mW


                 Internal         Switching           Leakage            Total
Power Group      Power            Power               Power              Power   (   %    )  Attrs
--------------------------------------------------------------------------------------------------
io_pad             0.0000            0.0000            0.0000            0.0000  (   0.00%)
memory             0.0000            0.0000            0.0000            0.0000  (   0.00%)
black_box          0.0000            0.0000            0.0000            0.0000  (   0.00%)
clock_network  1.1738e+03        4.2769e+05        3.0878e+10        4.5973e+05  (  99.99%)  i
register           7.0570            1.4491        4.1006e+05            8.9159  (   0.00%)
sequential         0.0000            0.0000            0.0000            0.0000  (   0.00%)
combinational      4.0464           25.0475        4.0421e+04           29.1343  (   0.01%)
--------------------------------------------------------------------------------------------------
Total          1.1849e+03 uW     4.2771e+05 uW     3.0878e+10 pW     4.5977e+05 uW
1
